


2024-10-16 07:59:54,515 - INFO - Processed and committed data for city ID up to 210
2024-10-16 07:59:59,932 - INFO - Processed and committed data for city ID up to 220
2024-10-16 08:00:05,151 - INFO - Processed and committed data for city ID up to 230
2024-10-16 08:00:10,441 - INFO - Processed and committed data for city ID up to 240
2024-10-16 08:00:16,005 - INFO - Processed and committed data for city ID up to 250
2024-10-16 08:00:21,274 - INFO - Processed and committed data for city ID up to 260
2024-10-16 08:00:26,584 - INFO - Processed and committed data for city ID up to 270
2024-10-16 08:00:31,553 - INFO - Processed and committed data for city ID up to 280
2024-10-16 08:00:36,582 - INFO - Processed and committed data for city ID up to 290
2024-10-16 08:00:41,710 - INFO - Processed and committed data for city ID up to 300
2024-10-16 08:00:46,607 - INFO - Processed and committed data for city ID up to 310
2024-10-16 08:00:51,703 - INFO - Processed and committed data for city ID up to 320
2024-10-16 08:00:56,799 - INFO - Processed and committed data for city ID up to 330
2024-10-16 08:01:01,644 - INFO - Processed and committed data for city ID up to 340
2024-10-16 08:01:06,550 - INFO - Processed and committed data for city ID up to 350
2024-10-16 08:01:11,396 - INFO - Processed and committed data for city ID up to 360
2024-10-16 08:01:16,360 - INFO - Processed and committed data for city ID up to 370
2024-10-16 08:01:21,250 - INFO - Processed and committed data for city ID up to 380
2024-10-16 08:01:25,986 - INFO - Processed and committed data for city ID up to 390
2024-10-16 08:01:30,983 - INFO - Processed and committed data for city ID up to 400
2024-10-16 08:03:46,726 - INFO - Processed data for city ID 9
2024-10-16 08:03:46,759 - INFO - Processed data for city ID 10
2024-10-16 08:03:46,814 - INFO - Processed data for city ID 2
2024-10-16 08:03:46,833 - INFO - Processed data for city ID 8
2024-10-16 08:03:46,882 - INFO - Processed data for city ID 3
2024-10-16 08:03:46,946 - INFO - Processed data for city ID 1
2024-10-16 08:03:46,977 - INFO - Processed data for city ID 7
2024-10-16 08:03:47,052 - INFO - Processed data for city ID 4
2024-10-16 08:03:47,055 - INFO - Processed data for city ID 5
2024-10-16 08:03:47,060 - INFO - Processed data for city ID 6
2024-10-16 08:06:28,377 - INFO - Processed data for city ID 8
2024-10-16 08:06:28,423 - INFO - Processed data for city ID 2
2024-10-16 08:06:28,425 - INFO - Processed data for city ID 7
2024-10-16 08:06:28,501 - INFO - Processed data for city ID 3
2024-10-16 08:06:28,528 - INFO - Processed data for city ID 9
2024-10-16 08:06:28,530 - INFO - Processed data for city ID 4
2024-10-16 08:06:28,607 - INFO - Processed data for city ID 6
2024-10-16 08:06:28,610 - INFO - Processed data for city ID 1
2024-10-16 08:06:28,634 - INFO - Processed data for city ID 10
2024-10-16 08:06:28,651 - INFO - Processed data for city ID 5
2024-10-16 08:06:29,754 - INFO - Processed data for city ID 11
2024-10-16 08:06:29,927 - INFO - Processed data for city ID 17
2024-10-16 08:06:29,936 - INFO - Processed data for city ID 13
2024-10-16 08:06:30,029 - INFO - Processed data for city ID 12
2024-10-16 08:06:30,040 - INFO - Processed data for city ID 16
2024-10-16 08:06:30,091 - INFO - Processed data for city ID 15
2024-10-16 08:06:30,092 - INFO - Processed data for city ID 14
2024-10-16 08:06:30,108 - INFO - Processed data for city ID 18
2024-10-16 08:06:30,231 - INFO - Processed data for city ID 20
2024-10-16 08:06:30,352 - INFO - Processed data for city ID 19
2024-10-16 08:06:31,183 - INFO - Processed data for city ID 21
2024-10-16 08:06:31,371 - INFO - Processed data for city ID 26
2024-10-16 08:06:31,373 - INFO - Processed data for city ID 22
2024-10-16 08:06:31,431 - INFO - Processed data for city ID 23
2024-10-16 08:06:31,491 - INFO - Processed data for city ID 28
2024-10-16 08:06:31,539 - INFO - Processed data for city ID 25
2024-10-16 08:06:31,540 - INFO - Processed data for city ID 27
2024-10-16 08:06:31,606 - INFO - Processed data for city ID 24
2024-10-16 08:06:31,641 - INFO - Processed data for city ID 30
2024-10-16 08:06:31,678 - INFO - Processed data for city ID 29
2024-10-16 08:06:32,581 - INFO - Processed data for city ID 31
2024-10-16 08:06:32,750 - INFO - Processed data for city ID 33
2024-10-16 08:06:32,782 - INFO - Processed data for city ID 35
2024-10-16 08:06:32,827 - INFO - Processed data for city ID 36
2024-10-16 08:06:32,858 - INFO - Processed data for city ID 37
2024-10-16 08:06:32,909 - INFO - Processed data for city ID 34
2024-10-16 08:06:32,910 - INFO - Processed data for city ID 38
2024-10-16 08:06:32,926 - INFO - Processed data for city ID 40
2024-10-16 08:06:33,026 - INFO - Processed data for city ID 39
2024-10-16 08:06:33,695 - INFO - Processed data for city ID 41
2024-10-16 08:06:34,004 - INFO - Processed data for city ID 42
2024-10-16 08:06:34,013 - INFO - Processed data for city ID 43
2024-10-16 08:06:34,108 - INFO - Processed data for city ID 46
2024-10-16 08:06:34,171 - INFO - Processed data for city ID 45
2024-10-16 08:06:34,190 - INFO - Processed data for city ID 49
2024-10-16 08:06:34,191 - INFO - Processed data for city ID 50
2024-10-16 08:06:34,218 - INFO - Processed data for city ID 44
2024-10-16 08:06:34,300 - INFO - Processed data for city ID 48
2024-10-16 08:06:34,302 - INFO - Processed data for city ID 47
2024-10-16 08:06:34,747 - INFO - Processed data for city ID 51
2024-10-16 08:06:35,208 - INFO - Processed data for city ID 52
2024-10-16 08:06:35,299 - INFO - Processed data for city ID 53
2024-10-16 08:06:35,334 - INFO - Processed data for city ID 58
2024-10-16 08:06:35,444 - INFO - Processed data for city ID 54
2024-10-16 08:06:35,445 - INFO - Processed data for city ID 57
2024-10-16 08:06:35,603 - INFO - Processed data for city ID 56
2024-10-16 08:06:35,605 - INFO - Processed data for city ID 60
2024-10-16 08:06:35,606 - INFO - Processed data for city ID 55
2024-10-16 08:06:35,607 - INFO - Processed data for city ID 59
2024-10-16 08:06:35,923 - INFO - Processed data for city ID 61
2024-10-16 08:06:36,495 - INFO - Processed data for city ID 63
2024-10-16 08:06:36,511 - INFO - Processed data for city ID 62
2024-10-16 08:06:36,897 - INFO - Processed data for city ID 64
2024-10-16 08:06:36,979 - INFO - Processed data for city ID 65
2024-10-16 08:06:37,147 - INFO - Processed data for city ID 66
2024-10-16 08:06:37,255 - INFO - Processed data for city ID 69
2024-10-16 08:06:37,384 - INFO - Processed data for city ID 68
2024-10-16 08:06:37,526 - INFO - Processed data for city ID 67
2024-10-16 08:06:37,560 - INFO - Processed data for city ID 70
2024-10-16 08:06:37,717 - INFO - Processed data for city ID 71
2024-10-16 08:06:38,634 - INFO - Processed data for city ID 72
2024-10-16 08:06:38,684 - INFO - Processed data for city ID 74
2024-10-16 08:06:38,685 - INFO - Processed data for city ID 73
2024-10-16 08:06:45,252 - INFO - Processed data for city ID 123
2024-10-16 08:06:45,265 - INFO - Processed data for city ID 120
2024-10-16 08:06:45,288 - INFO - Processed data for city ID 121
2024-10-16 08:06:45,308 - INFO - Processed data for city ID 122
2024-10-16 08:06:46,160 - INFO - Processed data for city ID 124
2024-10-16 08:06:46,504 - INFO - Processed data for city ID 126
2024-10-16 08:06:46,601 - INFO - Processed data for city ID 129
2024-10-16 08:06:46,657 - INFO - Processed data for city ID 127
2024-10-16 08:06:46,713 - INFO - Processed data for city ID 125
2024-10-16 08:06:46,794 - INFO - Processed data for city ID 131
2024-10-16 08:06:46,813 - INFO - Processed data for city ID 133
2024-10-16 08:06:46,853 - INFO - Processed data for city ID 130
2024-10-16 08:06:46,870 - INFO - Processed data for city ID 128
2024-10-16 08:06:46,914 - INFO - Processed data for city ID 132
2024-10-16 08:06:47,194 - INFO - Processed data for city ID 134
2024-10-16 08:06:47,897 - INFO - Processed data for city ID 136
2024-10-16 08:06:48,260 - INFO - Processed data for city ID 137
2024-10-16 08:06:48,379 - INFO - Processed data for city ID 135
2024-10-16 08:06:48,492 - INFO - Processed data for city ID 140
2024-10-16 08:06:48,509 - INFO - Processed data for city ID 141
2024-10-16 08:06:48,523 - INFO - Processed data for city ID 138
2024-10-16 08:06:48,577 - INFO - Processed data for city ID 142
2024-10-16 08:06:48,578 - INFO - Processed data for city ID 143
2024-10-16 08:06:48,578 - INFO - Processed data for city ID 139
2024-10-16 08:06:48,947 - INFO - Processed data for city ID 144
2024-10-16 08:06:49,306 - INFO - Processed data for city ID 145
2024-10-16 08:06:49,741 - INFO - Processed data for city ID 146
2024-10-16 08:06:49,785 - INFO - Processed data for city ID 147
2024-10-16 08:06:49,785 - INFO - Processed data for city ID 150
2024-10-16 08:06:50,022 - INFO - Processed data for city ID 153
2024-10-16 08:06:50,037 - INFO - Processed data for city ID 151
2024-10-16 08:06:50,065 - INFO - Processed data for city ID 149
2024-10-16 08:06:50,065 - INFO - Processed data for city ID 148
2024-10-16 08:06:50,066 - INFO - Processed data for city ID 154
2024-10-16 08:06:50,102 - INFO - Processed data for city ID 152
2024-10-16 08:06:50,331 - INFO - Processed data for city ID 155
2024-10-16 08:06:50,909 - INFO - Processed data for city ID 156
2024-10-16 08:06:51,098 - INFO - Processed data for city ID 158
2024-10-16 08:06:51,099 - INFO - Processed data for city ID 157
2024-10-16 08:06:51,375 - INFO - Processed data for city ID 163
2024-10-16 08:06:51,388 - INFO - Processed data for city ID 164
2024-10-16 08:06:51,429 - INFO - Processed data for city ID 160
2024-10-16 08:06:51,430 - INFO - Processed data for city ID 161
2024-10-16 08:06:51,431 - INFO - Processed data for city ID 159
2024-10-16 08:06:51,485 - INFO - Processed data for city ID 162
2024-10-16 08:06:51,537 - INFO - Processed data for city ID 165
2024-10-16 08:06:52,351 - INFO - Processed data for city ID 166
2024-10-16 08:06:52,412 - INFO - Processed data for city ID 168
2024-10-16 08:06:52,556 - INFO - Processed data for city ID 167
2024-10-16 08:06:52,796 - INFO - Processed data for city ID 169
2024-10-16 08:06:53,207 - INFO - Processed data for city ID 171
2024-10-16 08:06:53,207 - INFO - Processed data for city ID 170
2024-10-16 08:06:53,958 - INFO - Processed data for city ID 176
2024-10-16 08:06:54,209 - INFO - Processed data for city ID 178
2024-10-16 08:06:54,229 - INFO - Processed data for city ID 177
2024-10-16 08:06:54,687 - INFO - Processed data for city ID 180
2024-10-16 08:06:54,788 - INFO - Processed data for city ID 183
2024-10-16 08:06:55,115 - INFO - Processed data for city ID 182
2024-10-16 08:06:55,328 - INFO - Processed data for city ID 186
2024-10-16 08:06:55,842 - INFO - Processed data for city ID 189
2024-10-16 08:06:56,180 - INFO - Processed data for city ID 190
2024-10-16 08:06:56,590 - INFO - Processed data for city ID 194
2024-10-16 08:06:56,631 - INFO - Processed data for city ID 193
2024-10-16 08:06:56,651 - INFO - Processed data for city ID 196
2024-10-16 08:06:56,715 - INFO - Processed data for city ID 195
2024-10-16 08:06:56,895 - INFO - Processed data for city ID 197
2024-10-16 08:06:57,206 - INFO - Processed data for city ID 198
2024-10-16 08:06:57,624 - INFO - Processed data for city ID 199
2024-10-16 08:06:57,701 - INFO - Processed data for city ID 201
2024-10-16 08:06:57,721 - INFO - Processed data for city ID 200
2024-10-16 08:06:58,040 - INFO - Processed data for city ID 202
2024-10-16 08:06:58,187 - INFO - Processed data for city ID 204
2024-10-16 08:06:58,275 - INFO - Processed data for city ID 203
2024-10-16 08:06:58,319 - INFO - Processed data for city ID 205
2024-10-16 08:06:58,377 - INFO - Processed data for city ID 207
2024-10-16 08:06:58,378 - INFO - Processed data for city ID 206
2024-10-16 08:06:58,477 - INFO - Processed data for city ID 208
2024-10-16 08:06:59,325 - INFO - Processed data for city ID 209
2024-10-16 08:06:59,507 - INFO - Processed data for city ID 210
2024-10-16 08:06:59,816 - INFO - Processed data for city ID 211
2024-10-16 08:07:00,198 - INFO - Processed data for city ID 216
2024-10-16 08:07:00,229 - INFO - Processed data for city ID 218
2024-10-16 08:07:00,230 - INFO - Processed data for city ID 214
2024-10-16 08:07:00,249 - INFO - Processed data for city ID 212
2024-10-16 08:07:00,249 - INFO - Processed data for city ID 213
2024-10-16 08:07:00,422 - INFO - Processed data for city ID 215
2024-10-16 08:07:00,468 - INFO - Processed data for city ID 217
2024-10-16 08:07:00,884 - INFO - Processed data for city ID 219
2024-10-16 08:07:01,024 - INFO - Processed data for city ID 220
2024-10-16 08:07:01,096 - INFO - Processed data for city ID 221
2024-10-16 08:07:01,787 - INFO - Processed data for city ID 222
2024-10-16 08:07:01,831 - INFO - Processed data for city ID 224
2024-10-16 08:07:01,966 - INFO - Processed data for city ID 225
2024-10-16 08:07:02,682 - INFO - Processed data for city ID 231
2024-10-16 08:07:02,840 - INFO - Processed data for city ID 230
2024-10-16 08:07:03,008 - INFO - Processed data for city ID 232
2024-10-16 08:07:03,669 - INFO - Processed data for city ID 233
2024-10-16 08:07:03,796 - INFO - Processed data for city ID 234
2024-10-16 08:07:03,797 - INFO - Processed data for city ID 236
2024-10-16 08:07:03,895 - INFO - Processed data for city ID 238
2024-10-16 08:07:04,132 - INFO - Processed data for city ID 240
2024-10-16 08:07:04,184 - INFO - Processed data for city ID 239
2024-10-16 08:07:04,241 - INFO - Processed data for city ID 241
2024-10-16 08:07:04,725 - INFO - Processed data for city ID 242
2024-10-16 08:07:04,995 - INFO - Processed data for city ID 243
2024-10-16 08:07:05,342 - INFO - Processed data for city ID 244
2024-10-16 08:07:05,592 - INFO - Processed data for city ID 247
2024-10-16 08:07:13,999 - INFO - Processed data for city ID 296
2024-10-16 08:07:14,133 - INFO - Processed data for city ID 297
2024-10-16 08:07:14,135 - INFO - Processed data for city ID 298
2024-10-16 08:07:14,508 - INFO - Processed data for city ID 300
2024-10-16 08:07:18,982 - INFO - Processed data for city ID 333
2024-10-16 08:07:20,034 - INFO - Processed data for city ID 337
2024-10-16 08:07:20,170 - INFO - Processed data for city ID 338
2024-10-16 08:07:20,171 - INFO - Processed data for city ID 339
2024-10-16 08:07:20,263 - INFO - Processed data for city ID 341
2024-10-16 08:07:20,263 - INFO - Processed data for city ID 340
2024-10-16 08:07:20,278 - INFO - Processed data for city ID 342
2024-10-16 08:07:20,378 - INFO - Processed data for city ID 343
2024-10-16 08:07:20,797 - INFO - Processed data for city ID 344
2024-10-16 08:09:04,554 - INFO - Database population completed successfully
2024-10-16 08:09:04,786 - INFO - Route summary exported to route_summary.json
2024-10-16 08:09:04,789 - INFO - Total execution time: 0:02:37.903406
2024-10-16 08:09:06,474 - INFO - Processed data for city ID 5
2024-10-16 08:09:06,521 - INFO - Processed data for city ID 3
2024-10-16 08:09:06,530 - INFO - Processed data for city ID 2
2024-10-16 08:09:06,570 - INFO - Processed data for city ID 9
2024-10-16 08:09:06,582 - INFO - Processed data for city ID 10
2024-10-16 08:09:06,631 - INFO - Processed data for city ID 8
2024-10-16 08:09:06,634 - INFO - Processed data for city ID 7
2024-10-16 08:09:06,656 - INFO - Processed data for city ID 6
2024-10-16 08:09:06,682 - INFO - Processed data for city ID 4
2024-10-16 08:09:06,719 - INFO - Processed data for city ID 1
2024-10-16 08:09:07,902 - INFO - Processed data for city ID 11
2024-10-16 08:09:08,195 - INFO - Processed data for city ID 12
2024-10-16 08:09:08,197 - INFO - Processed data for city ID 15
2024-10-16 08:09:08,198 - INFO - Processed data for city ID 16
2024-10-16 08:09:08,295 - INFO - Processed data for city ID 19
2024-10-16 08:09:08,374 - INFO - Processed data for city ID 18
2024-10-16 08:09:08,376 - INFO - Processed data for city ID 13
2024-10-16 08:09:08,377 - INFO - Processed data for city ID 14
2024-10-16 08:09:08,449 - INFO - Processed data for city ID 20
2024-10-16 08:09:08,453 - INFO - Processed data for city ID 17
2024-10-16 08:09:09,329 - INFO - Processed data for city ID 21
2024-10-16 08:09:09,731 - INFO - Processed data for city ID 22
2024-10-16 08:09:09,845 - INFO - Processed data for city ID 23
2024-10-16 08:09:09,874 - INFO - Processed data for city ID 27
2024-10-16 08:09:09,937 - INFO - Processed data for city ID 28
2024-10-16 08:09:09,954 - INFO - Processed data for city ID 24
2024-10-16 08:09:09,955 - INFO - Processed data for city ID 25
2024-10-16 08:09:09,978 - INFO - Processed data for city ID 26
2024-10-16 08:09:10,025 - INFO - Processed data for city ID 29
2024-10-16 08:09:10,081 - INFO - Processed data for city ID 30
2024-10-16 08:09:10,950 - INFO - Processed data for city ID 31
2024-10-16 08:09:11,434 - INFO - Processed data for city ID 39
2024-10-16 08:09:11,624 - INFO - Processed data for city ID 34
2024-10-16 08:09:11,870 - INFO - Processed data for city ID 35
2024-10-16 08:09:11,885 - INFO - Processed data for city ID 33
2024-10-16 08:09:11,949 - INFO - Processed data for city ID 38
2024-10-16 08:09:11,955 - INFO - Processed data for city ID 40
2024-10-16 08:09:11,991 - INFO - Processed data for city ID 36
2024-10-16 08:09:12,039 - INFO - Processed data for city ID 37
2024-10-16 08:09:12,598 - INFO - Processed data for city ID 41
2024-10-16 08:09:13,136 - INFO - Processed data for city ID 42
2024-10-16 08:09:13,430 - INFO - Processed data for city ID 44
2024-10-16 08:09:13,441 - INFO - Processed data for city ID 43
2024-10-16 08:09:13,676 - INFO - Processed data for city ID 48
2024-10-16 08:09:13,691 - INFO - Processed data for city ID 46
2024-10-16 08:09:13,716 - INFO - Processed data for city ID 49
2024-10-16 08:09:13,802 - INFO - Processed data for city ID 45
2024-10-16 08:09:14,081 - INFO - Processed data for city ID 47
2024-10-16 08:09:14,137 - INFO - Processed data for city ID 50
2024-10-16 08:09:14,325 - INFO - Processed data for city ID 51
2024-10-16 08:09:14,719 - INFO - Processed data for city ID 53
2024-10-16 08:09:15,021 - INFO - Processed data for city ID 54
2024-10-16 08:09:15,070 - INFO - Processed data for city ID 52
2024-10-16 08:09:15,253 - INFO - Processed data for city ID 55
2024-10-16 08:09:15,530 - INFO - Processed data for city ID 56
2024-10-16 08:09:15,558 - INFO - Processed data for city ID 57
2024-10-16 08:09:15,636 - INFO - Processed data for city ID 58
2024-10-16 08:09:15,939 - INFO - Processed data for city ID 59
2024-10-16 08:09:16,174 - INFO - Processed data for city ID 61
2024-10-16 08:09:16,260 - INFO - Processed data for city ID 60
2024-10-16 08:09:16,542 - INFO - Processed data for city ID 62
2024-10-16 08:09:16,543 - INFO - Processed data for city ID 64
2024-10-16 08:09:16,731 - INFO - Processed data for city ID 63
2024-10-16 08:09:17,146 - INFO - Processed data for city ID 65
2024-10-16 08:09:17,161 - INFO - Processed data for city ID 68
2024-10-16 08:09:17,277 - INFO - Processed data for city ID 66
2024-10-16 08:09:17,279 - INFO - Processed data for city ID 67
2024-10-16 08:09:17,305 - INFO - Processed data for city ID 69
2024-10-16 08:09:17,876 - INFO - Processed data for city ID 70
2024-10-16 08:09:17,952 - INFO - Processed data for city ID 72
2024-10-16 08:09:18,056 - INFO - Processed data for city ID 71
2024-10-16 08:09:18,105 - INFO - Processed data for city ID 74
2024-10-16 08:09:18,275 - INFO - Processed data for city ID 73
2024-10-16 08:09:25,745 - INFO - Processed data for city ID 123
2024-10-16 08:09:25,830 - INFO - Processed data for city ID 124
2024-10-16 08:09:25,890 - INFO - Processed data for city ID 120
2024-10-16 08:09:26,023 - INFO - Processed data for city ID 122
2024-10-16 08:09:26,024 - INFO - Processed data for city ID 121
2024-10-16 08:09:26,190 - INFO - Processed data for city ID 125
2024-10-16 08:09:26,295 - INFO - Processed data for city ID 126
2024-10-16 08:09:26,769 - INFO - Processed data for city ID 128
2024-10-16 08:09:26,905 - INFO - Processed data for city ID 127
2024-10-16 08:09:27,165 - INFO - Processed data for city ID 129
2024-10-16 08:09:27,224 - INFO - Processed data for city ID 130
2024-10-16 08:09:27,326 - INFO - Processed data for city ID 132
2024-10-16 08:09:27,419 - INFO - Processed data for city ID 131
2024-10-16 08:09:27,490 - INFO - Processed data for city ID 134
2024-10-16 08:09:27,561 - INFO - Processed data for city ID 133
2024-10-16 08:09:27,647 - INFO - Processed data for city ID 135
2024-10-16 08:09:27,647 - INFO - Processed data for city ID 136
2024-10-16 08:09:28,063 - INFO - Processed data for city ID 137
2024-10-16 08:09:28,193 - INFO - Processed data for city ID 138
2024-10-16 08:09:28,535 - INFO - Processed data for city ID 140
2024-10-16 08:09:28,644 - INFO - Processed data for city ID 139
2024-10-16 08:09:28,768 - INFO - Processed data for city ID 141
2024-10-16 08:09:28,813 - INFO - Processed data for city ID 142
2024-10-16 08:09:28,962 - INFO - Processed data for city ID 143
2024-10-16 08:09:29,158 - INFO - Processed data for city ID 144
2024-10-16 08:09:29,249 - INFO - Processed data for city ID 145
2024-10-16 08:09:29,250 - INFO - Processed data for city ID 146
2024-10-16 08:09:29,388 - INFO - Processed data for city ID 147
2024-10-16 08:09:29,649 - INFO - Processed data for city ID 148
2024-10-16 08:09:30,006 - INFO - Processed data for city ID 150
2024-10-16 08:09:30,159 - INFO - Processed data for city ID 149
2024-10-16 08:09:30,191 - INFO - Processed data for city ID 151
2024-10-16 08:09:30,281 - INFO - Processed data for city ID 152
2024-10-16 08:09:30,394 - INFO - Processed data for city ID 153
2024-10-16 08:09:30,691 - INFO - Processed data for city ID 154
2024-10-16 08:09:30,697 - INFO - Processed data for city ID 155
2024-10-16 08:09:30,743 - INFO - Processed data for city ID 156
2024-10-16 08:09:30,885 - INFO - Processed data for city ID 157
2024-10-16 08:09:31,168 - INFO - Processed data for city ID 158
2024-10-16 08:09:31,517 - INFO - Processed data for city ID 159
2024-10-16 08:09:31,630 - INFO - Processed data for city ID 160
2024-10-16 08:09:31,631 - INFO - Processed data for city ID 162
2024-10-16 08:09:31,673 - INFO - Processed data for city ID 161
2024-10-16 08:09:31,674 - INFO - Processed data for city ID 163
2024-10-16 08:09:31,971 - INFO - Processed data for city ID 165
2024-10-16 08:09:32,090 - INFO - Processed data for city ID 164
2024-10-16 08:09:32,198 - INFO - Processed data for city ID 167
2024-10-16 08:09:32,306 - INFO - Processed data for city ID 166
2024-10-16 08:09:32,520 - INFO - Processed data for city ID 168
2024-10-16 08:09:33,057 - INFO - Processed data for city ID 171
2024-10-16 08:09:33,129 - INFO - Processed data for city ID 169
2024-10-16 08:09:33,197 - INFO - Processed data for city ID 170
2024-10-16 08:09:33,561 - INFO - Processed data for city ID 176
2024-10-16 08:09:33,657 - INFO - Processed data for city ID 177
2024-10-16 08:09:33,897 - INFO - Processed data for city ID 178
2024-10-16 08:09:34,501 - INFO - Processed data for city ID 180
2024-10-16 08:09:34,738 - INFO - Processed data for city ID 183
2024-10-16 08:09:34,756 - INFO - Processed data for city ID 182
2024-10-16 08:09:34,832 - INFO - Processed data for city ID 186
2024-10-16 08:09:36,200 - INFO - Processed data for city ID 189
2024-10-16 08:09:36,320 - INFO - Processed data for city ID 190
2024-10-16 08:09:36,320 - INFO - Processed data for city ID 194
2024-10-16 08:09:36,321 - INFO - Processed data for city ID 195
2024-10-16 08:09:36,408 - INFO - Processed data for city ID 193
2024-10-16 08:09:36,497 - INFO - Processed data for city ID 197
2024-10-16 08:09:36,785 - INFO - Processed data for city ID 196
2024-10-16 08:09:37,151 - INFO - Processed data for city ID 198
2024-10-16 08:09:37,304 - INFO - Processed data for city ID 199
2024-10-16 08:09:37,690 - INFO - Processed data for city ID 200
2024-10-16 08:09:37,790 - INFO - Processed data for city ID 204
2024-10-16 08:09:37,791 - INFO - Processed data for city ID 201
2024-10-16 08:09:37,834 - INFO - Processed data for city ID 203
2024-10-16 08:09:37,835 - INFO - Processed data for city ID 202
2024-10-16 08:09:37,900 - INFO - Processed data for city ID 205
2024-10-16 08:09:37,976 - INFO - Processed data for city ID 206
2024-10-16 08:09:38,002 - INFO - Processed data for city ID 207
2024-10-16 08:09:38,416 - INFO - Processed data for city ID 208
2024-10-16 08:09:38,645 - INFO - Processed data for city ID 209
2024-10-16 08:09:39,213 - INFO - Processed data for city ID 210
2024-10-16 08:09:39,229 - INFO - Processed data for city ID 212
2024-10-16 08:09:39,383 - INFO - Processed data for city ID 213
2024-10-16 08:09:39,410 - INFO - Processed data for city ID 215
2024-10-16 08:09:39,428 - INFO - Processed data for city ID 214
2024-10-16 08:09:39,448 - INFO - Processed data for city ID 211
2024-10-16 08:09:39,490 - INFO - Processed data for city ID 216
2024-10-16 08:09:39,545 - INFO - Processed data for city ID 217
2024-10-16 08:09:39,872 - INFO - Processed data for city ID 218
2024-10-16 08:09:39,937 - INFO - Processed data for city ID 219
2024-10-16 08:09:40,725 - INFO - Processed data for city ID 220
2024-10-16 08:09:40,851 - INFO - Processed data for city ID 222
2024-10-16 08:09:40,852 - INFO - Processed data for city ID 221
2024-10-16 08:09:40,864 - INFO - Processed data for city ID 224
2024-10-16 08:09:40,918 - INFO - Processed data for city ID 225
2024-10-16 08:09:42,391 - INFO - Processed data for city ID 234
2024-10-16 08:09:42,496 - INFO - Processed data for city ID 231
2024-10-16 08:09:42,496 - INFO - Processed data for city ID 230
2024-10-16 08:09:42,555 - INFO - Processed data for city ID 233
2024-10-16 08:09:42,555 - INFO - Processed data for city ID 232
2024-10-16 08:09:42,557 - INFO - Processed data for city ID 236
2024-10-16 08:09:42,653 - INFO - Processed data for city ID 238
2024-10-16 08:09:42,686 - INFO - Processed data for city ID 239
2024-10-16 08:09:43,771 - INFO - Processed data for city ID 240
2024-10-16 08:09:43,951 - INFO - Processed data for city ID 244
2024-10-16 08:09:44,028 - INFO - Processed data for city ID 243
2024-10-16 08:09:44,029 - INFO - Processed data for city ID 241
2024-10-16 08:09:44,157 - INFO - Processed data for city ID 247
2024-10-16 08:09:44,157 - INFO - Processed data for city ID 242
2024-10-16 08:09:51,863 - INFO - Processed data for city ID 297
2024-10-16 08:09:51,869 - INFO - Processed data for city ID 298
2024-10-16 08:09:51,896 - INFO - Processed data for city ID 296
2024-10-16 08:09:51,956 - INFO - Processed data for city ID 300
2024-10-16 08:09:58,111 - INFO - Processed data for city ID 333
2024-10-16 08:09:58,176 - INFO - Processed data for city ID 339
2024-10-16 08:09:58,196 - INFO - Processed data for city ID 338
2024-10-16 08:09:58,220 - INFO - Processed data for city ID 337
2024-10-16 08:09:58,311 - INFO - Processed data for city ID 340
2024-10-16 08:09:58,958 - INFO - Processed data for city ID 341
2024-10-16 08:09:59,364 - INFO - Processed data for city ID 342
2024-10-16 08:09:59,745 - INFO - Processed data for city ID 343
2024-10-16 08:09:59,804 - INFO - Processed data for city ID 344
2024-10-16 08:11:46,489 - INFO - Database population completed successfully
2024-10-16 08:11:46,900 - INFO - Route summary exported to route_summary.json
2024-10-16 08:11:46,916 - INFO - Starting database optimization...
2024-10-16 08:11:46,939 - INFO - Database optimization completed.
2024-10-16 08:11:46,939 - INFO - Total execution time: 0:02:42.150440
